<?xml version="1.0" encoding="UTF-8"?>
<!-- Generated by org.testng.reporters.JUnitXMLReporter -->
<testsuite hostname="HRK1-LHP-F49333" name="Default test" tests="5" failures="0" timestamp="27 Feb 2015 11:37:25 GMT" time="18.063" errors="0">
  <testcase name="testAddFullCorrectItem" time="0.923" classname="artifact.tests.ChargeOrderTest"/>
  <testcase name="testClearCartWithFullItem" time="1.062" classname="artifact.tests.ChargeOrderTest"/>
  <testcase name="testAddCorrectItem" time="0.7" classname="artifact.tests.CartBuilderTest"/>
  <testcase name="testAddFullCorrectItem" time="1.507" classname="artifact.tests.CartBuilderTest"/>
  <testcase name="testClearCartWithFullItem" time="1.538" classname="artifact.tests.CartBuilderTest"/>
</testsuite> <!-- Default test -->
