<?xml version="1.0" encoding="UTF-8"?>
<!-- Generated by org.testng.reporters.JUnitXMLReporter -->
<testsuite hostname="HRK1-LHP-F49333" name="Default test" tests="5" failures="0" timestamp="26 Feb 2015 14:05:49 GMT" time="14.705" errors="0">
  <testcase name="testAddFullCorrectItem" time="0.605" classname="artifact.tests.ChargeOrderTest"/>
  <testcase name="testClearCartWithFullItem" time="0.638" classname="artifact.tests.ChargeOrderTest"/>
  <testcase name="testAddCorrectItem" time="0.617" classname="artifact.tests.CartBuilderTest"/>
  <testcase name="testAddFullCorrectItem" time="0.965" classname="artifact.tests.CartBuilderTest"/>
  <testcase name="testClearCartWithFullItem" time="1.21" classname="artifact.tests.CartBuilderTest"/>
</testsuite> <!-- Default test -->
