<?xml version="1.0" encoding="UTF-8"?>
<!-- Generated by org.testng.reporters.JUnitXMLReporter -->
<testsuite hostname="HRK1-LHP-F49333" name="Command line test" tests="1" failures="1" timestamp="20 Feb 2015 15:49:07 GMT" time="2.03" errors="0">
  <testcase name="testAddCorrectItem" time="2.0" classname="artifact.tests.CartBuilderTest">
    <failure type="java.lang.NullPointerException">
      <![CDATA[java.lang.NullPointerException
	at artifact.tests.CartBuilderTest.testAddCorrectItem(CartBuilderTest.java:18)
... Removed 34 stack frames]]>
    </failure>
  </testcase> <!-- testAddCorrectItem -->
</testsuite> <!-- Command line test -->
