<?xml version="1.0" encoding="UTF-8"?>
<!-- Generated by org.testng.reporters.JUnitXMLReporter -->
<testsuite hostname="HRK1-LHP-F49333" name="Command line test" tests="5" failures="0" timestamp="26 Feb 2015 14:21:19 GMT" time="18.194" errors="0">
  <testcase name="testAddCorrectItem" time="0.597" classname="artifact.tests.CartBuilderTest"/>
  <testcase name="testAddFullCorrectItem" time="1.278" classname="artifact.tests.CartBuilderTest"/>
  <testcase name="testClearCartWithFullItem" time="1.565" classname="artifact.tests.CartBuilderTest"/>
  <testcase name="testAddFullCorrectItem" time="0.623" classname="artifact.tests.ChargeOrderTest"/>
  <testcase name="testClearCartWithFullItem" time="0.728" classname="artifact.tests.ChargeOrderTest"/>
</testsuite> <!-- Command line test -->
