<?xml version="1.0" encoding="UTF-8"?>
<testng-results skipped="0" failed="0" total="1" passed="1">
  <reporter-output>
  </reporter-output>
  <suite name="Default suite" duration-ms="1471" started-at="2015-02-20T15:50:22Z" finished-at="2015-02-20T15:50:24Z">
    <groups>
    </groups>
    <test name="Default test" duration-ms="1471" started-at="2015-02-20T15:50:22Z" finished-at="2015-02-20T15:50:24Z">
      <class name="artifact.tests.CartBuilderTest">
        <test-method status="PASS" signature="init()[pri:0, instance:artifact.tests.CartBuilderTest@6ae006d8]" name="init" is-config="true" duration-ms="10672" started-at="2015-02-20T17:50:12Z" finished-at="2015-02-20T17:50:22Z">
          <reporter-output>
          </reporter-output>
        </test-method> <!-- init -->
        <test-method status="PASS" signature="testAddCorrectItem()[pri:0, instance:artifact.tests.CartBuilderTest@6ae006d8]" name="testAddCorrectItem" duration-ms="1447" started-at="2015-02-20T17:50:22Z" finished-at="2015-02-20T17:50:24Z">
          <reporter-output>
          </reporter-output>
        </test-method> <!-- testAddCorrectItem -->
        <test-method status="PASS" signature="closeAll()[pri:0, instance:artifact.tests.CartBuilderTest@6ae006d8]" name="closeAll" is-config="true" duration-ms="1163" started-at="2015-02-20T17:50:24Z" finished-at="2015-02-20T17:50:25Z">
          <reporter-output>
          </reporter-output>
        </test-method> <!-- closeAll -->
      </class> <!-- artifact.tests.CartBuilderTest -->
    </test> <!-- Default test -->
  </suite> <!-- Default suite -->
</testng-results>
