<?xml version="1.0" encoding="UTF-8"?>
<testng-results skipped="0" failed="0" total="5" passed="5">
  <reporter-output>
  </reporter-output>
  <suite name="Default suite" duration-ms="18063" started-at="2015-02-27T11:37:07Z" finished-at="2015-02-27T11:37:25Z">
    <groups>
    </groups>
    <test name="Default test" duration-ms="18063" started-at="2015-02-27T11:37:07Z" finished-at="2015-02-27T11:37:25Z">
      <class name="artifact.tests.CartBuilderTest">
        <test-method status="PASS" signature="init()[pri:0, instance:artifact.tests.CartBuilderTest@2fc8c0e6]" name="init" is-config="true" duration-ms="9017" started-at="2015-02-27T13:37:07Z" finished-at="2015-02-27T13:37:16Z">
          <reporter-output>
          </reporter-output>
        </test-method> <!-- init -->
        <test-method status="PASS" signature="navigateToCartBuilderPage()[pri:0, instance:artifact.tests.CartBuilderTest@2fc8c0e6]" name="navigateToCartBuilderPage" is-config="true" duration-ms="344" started-at="2015-02-27T13:37:19Z" finished-at="2015-02-27T13:37:19Z">
          <reporter-output>
          </reporter-output>
        </test-method> <!-- navigateToCartBuilderPage -->
        <test-method status="PASS" signature="testAddCorrectItem()[pri:0, instance:artifact.tests.CartBuilderTest@2fc8c0e6]" name="testAddCorrectItem" duration-ms="700" started-at="2015-02-27T13:37:19Z" finished-at="2015-02-27T13:37:20Z">
          <reporter-output>
          </reporter-output>
        </test-method> <!-- testAddCorrectItem -->
        <test-method status="PASS" signature="navigateToCartBuilderPage()[pri:0, instance:artifact.tests.CartBuilderTest@2fc8c0e6]" name="navigateToCartBuilderPage" is-config="true" duration-ms="397" started-at="2015-02-27T13:37:20Z" finished-at="2015-02-27T13:37:20Z">
          <reporter-output>
          </reporter-output>
        </test-method> <!-- navigateToCartBuilderPage -->
        <test-method status="PASS" signature="testAddFullCorrectItem()[pri:0, instance:artifact.tests.CartBuilderTest@2fc8c0e6]" name="testAddFullCorrectItem" duration-ms="1507" started-at="2015-02-27T13:37:20Z" finished-at="2015-02-27T13:37:22Z">
          <reporter-output>
          </reporter-output>
        </test-method> <!-- testAddFullCorrectItem -->
        <test-method status="PASS" signature="navigateToCartBuilderPage()[pri:0, instance:artifact.tests.CartBuilderTest@2fc8c0e6]" name="navigateToCartBuilderPage" is-config="true" duration-ms="205" started-at="2015-02-27T13:37:22Z" finished-at="2015-02-27T13:37:22Z">
          <reporter-output>
          </reporter-output>
        </test-method> <!-- navigateToCartBuilderPage -->
        <test-method status="PASS" signature="testClearCartWithFullItem()[pri:0, instance:artifact.tests.CartBuilderTest@2fc8c0e6]" name="testClearCartWithFullItem" duration-ms="1538" started-at="2015-02-27T13:37:22Z" finished-at="2015-02-27T13:37:23Z">
          <reporter-output>
          </reporter-output>
        </test-method> <!-- testClearCartWithFullItem -->
        <test-method status="PASS" signature="closeAll()[pri:0, instance:artifact.tests.CartBuilderTest@2fc8c0e6]" name="closeAll" is-config="true" duration-ms="1833" started-at="2015-02-27T13:37:23Z" finished-at="2015-02-27T13:37:25Z">
          <reporter-output>
          </reporter-output>
        </test-method> <!-- closeAll -->
      </class> <!-- artifact.tests.CartBuilderTest -->
      <class name="artifact.tests.ChargeOrderTest">
        <test-method status="PASS" signature="navigateToChargeOrderPage()[pri:0, instance:artifact.tests.ChargeOrderTest@7a67ab8f]" name="navigateToChargeOrderPage" is-config="true" duration-ms="325" started-at="2015-02-27T13:37:16Z" finished-at="2015-02-27T13:37:17Z">
          <reporter-output>
          </reporter-output>
        </test-method> <!-- navigateToChargeOrderPage -->
        <test-method status="PASS" signature="testAddFullCorrectItem()[pri:0, instance:artifact.tests.ChargeOrderTest@7a67ab8f]" name="testAddFullCorrectItem" duration-ms="923" started-at="2015-02-27T13:37:17Z" finished-at="2015-02-27T13:37:17Z">
          <reporter-output>
          </reporter-output>
        </test-method> <!-- testAddFullCorrectItem -->
        <test-method status="PASS" signature="navigateToChargeOrderPage()[pri:0, instance:artifact.tests.ChargeOrderTest@7a67ab8f]" name="navigateToChargeOrderPage" is-config="true" duration-ms="192" started-at="2015-02-27T13:37:17Z" finished-at="2015-02-27T13:37:18Z">
          <reporter-output>
          </reporter-output>
        </test-method> <!-- navigateToChargeOrderPage -->
        <test-method status="PASS" signature="testClearCartWithFullItem()[pri:0, instance:artifact.tests.ChargeOrderTest@7a67ab8f]" name="testClearCartWithFullItem" duration-ms="1062" started-at="2015-02-27T13:37:18Z" finished-at="2015-02-27T13:37:19Z">
          <reporter-output>
          </reporter-output>
        </test-method> <!-- testClearCartWithFullItem -->
      </class> <!-- artifact.tests.ChargeOrderTest -->
    </test> <!-- Default test -->
  </suite> <!-- Default suite -->
</testng-results>
