-------------------------------------------------------------------------------
Test set: TestSuite
-------------------------------------------------------------------------------
Tests run: 1, Failures: 1, Errors: 0, Skipped: 0, Time elapsed: 14.888 sec <<< FAILURE!
testAddCorrectItem(artifact.tests.CartBuilderTest)  Time elapsed: 2 sec  <<< FAILURE!
java.lang.NullPointerException
	at artifact.tests.CartBuilderTest.testAddCorrectItem(CartBuilderTest.java:18)

