<?xml version="1.0" encoding="UTF-8" ?>
<testsuite failures="0" time="4.782" errors="0" skipped="0" tests="5" name="TestSuite">
  <properties>
[...]
</properties>
  <testcase time="0.592" classname="artifact.tests.CartBuilderTest" name="testAddCorrectItem"/>
  <testcase time="1.277" classname="artifact.tests.CartBuilderTest" name="testAddFullCorrectItem"/>
  <testcase time="1.563" classname="artifact.tests.CartBuilderTest" name="testClearCartWithFullItem"/>
  <testcase time="0.622" classname="artifact.tests.ChargeOrderTest" name="testAddFullCorrectItem"/>
  <testcase time="0.728" classname="artifact.tests.ChargeOrderTest" name="testClearCartWithFullItem"/>
</testsuite>