<?xml version="1.0" encoding="UTF-8"?>
<testng-results skipped="0" failed="0" total="1" passed="1">
  <reporter-output>
  </reporter-output>
  <suite name="artifact.tests.CartBuilderTest" duration-ms="1880" started-at="2015-02-20T15:52:32Z" finished-at="2015-02-20T15:52:34Z">
    <groups>
    </groups>
    <test name="Command line test" duration-ms="1880" started-at="2015-02-20T15:52:32Z" finished-at="2015-02-20T15:52:34Z">
      <class name="artifact.tests.CartBuilderTest">
        <test-method status="PASS" signature="init()[pri:0, instance:artifact.tests.CartBuilderTest@a49d4b5]" name="init" is-config="true" duration-ms="10897" started-at="2015-02-20T17:52:21Z" finished-at="2015-02-20T17:52:32Z">
          <reporter-output>
          </reporter-output>
        </test-method> <!-- init -->
        <test-method status="PASS" signature="testAddCorrectItem()[pri:0, instance:artifact.tests.CartBuilderTest@a49d4b5]" name="testAddCorrectItem" duration-ms="1870" started-at="2015-02-20T17:52:32Z" finished-at="2015-02-20T17:52:34Z">
          <reporter-output>
          </reporter-output>
        </test-method> <!-- testAddCorrectItem -->
        <test-method status="PASS" signature="closeAll()[pri:0, instance:artifact.tests.CartBuilderTest@a49d4b5]" name="closeAll" is-config="true" duration-ms="1102" started-at="2015-02-20T17:52:34Z" finished-at="2015-02-20T17:52:35Z">
          <reporter-output>
          </reporter-output>
        </test-method> <!-- closeAll -->
      </class> <!-- artifact.tests.CartBuilderTest -->
    </test> <!-- Command line test -->
  </suite> <!-- artifact.tests.CartBuilderTest -->
</testng-results>
