<?xml version="1.0" encoding="UTF-8"?>
<testng-results skipped="0" failed="0" total="5" passed="5">
  <reporter-output>
  </reporter-output>
  <suite name="Command line suite" duration-ms="18194" started-at="2015-02-26T14:21:00Z" finished-at="2015-02-26T14:21:19Z">
    <groups>
    </groups>
    <test name="Command line test" duration-ms="18194" started-at="2015-02-26T14:21:00Z" finished-at="2015-02-26T14:21:19Z">
      <class name="artifact.tests.CartBuilderTest">
        <test-method status="PASS" signature="init()[pri:0, instance:artifact.tests.CartBuilderTest@55bf756b]" name="init" is-config="true" duration-ms="10543" started-at="2015-02-26T16:21:00Z" finished-at="2015-02-26T16:21:11Z">
          <reporter-output>
          </reporter-output>
        </test-method> <!-- init -->
        <test-method status="PASS" signature="navigateToCartBuilderPage()[pri:0, instance:artifact.tests.CartBuilderTest@55bf756b]" name="navigateToCartBuilderPage" is-config="true" duration-ms="270" started-at="2015-02-26T16:21:11Z" finished-at="2015-02-26T16:21:11Z">
          <reporter-output>
          </reporter-output>
        </test-method> <!-- navigateToCartBuilderPage -->
        <test-method status="PASS" signature="testAddCorrectItem()[pri:0, instance:artifact.tests.CartBuilderTest@55bf756b]" name="testAddCorrectItem" duration-ms="597" started-at="2015-02-26T16:21:11Z" finished-at="2015-02-26T16:21:12Z">
          <reporter-output>
          </reporter-output>
        </test-method> <!-- testAddCorrectItem -->
        <test-method status="PASS" signature="navigateToCartBuilderPage()[pri:0, instance:artifact.tests.CartBuilderTest@55bf756b]" name="navigateToCartBuilderPage" is-config="true" duration-ms="251" started-at="2015-02-26T16:21:12Z" finished-at="2015-02-26T16:21:12Z">
          <reporter-output>
          </reporter-output>
        </test-method> <!-- navigateToCartBuilderPage -->
        <test-method status="PASS" signature="testAddFullCorrectItem()[pri:0, instance:artifact.tests.CartBuilderTest@55bf756b]" name="testAddFullCorrectItem" duration-ms="1278" started-at="2015-02-26T16:21:12Z" finished-at="2015-02-26T16:21:13Z">
          <reporter-output>
          </reporter-output>
        </test-method> <!-- testAddFullCorrectItem -->
        <test-method status="PASS" signature="navigateToCartBuilderPage()[pri:0, instance:artifact.tests.CartBuilderTest@55bf756b]" name="navigateToCartBuilderPage" is-config="true" duration-ms="337" started-at="2015-02-26T16:21:13Z" finished-at="2015-02-26T16:21:14Z">
          <reporter-output>
          </reporter-output>
        </test-method> <!-- navigateToCartBuilderPage -->
        <test-method status="PASS" signature="testClearCartWithFullItem()[pri:0, instance:artifact.tests.CartBuilderTest@55bf756b]" name="testClearCartWithFullItem" duration-ms="1565" started-at="2015-02-26T16:21:14Z" finished-at="2015-02-26T16:21:15Z">
          <reporter-output>
          </reporter-output>
        </test-method> <!-- testClearCartWithFullItem -->
        <test-method status="PASS" signature="closeAll()[pri:0, instance:artifact.tests.CartBuilderTest@55bf756b]" name="closeAll" is-config="true" duration-ms="1737" started-at="2015-02-26T16:21:17Z" finished-at="2015-02-26T16:21:19Z">
          <reporter-output>
          </reporter-output>
        </test-method> <!-- closeAll -->
      </class> <!-- artifact.tests.CartBuilderTest -->
      <class name="artifact.tests.ChargeOrderTest">
        <test-method status="PASS" signature="navigateToChargeOrderPage()[pri:0, instance:artifact.tests.ChargeOrderTest@64cbdef5]" name="navigateToChargeOrderPage" is-config="true" duration-ms="101" started-at="2015-02-26T16:21:15Z" finished-at="2015-02-26T16:21:15Z">
          <reporter-output>
          </reporter-output>
        </test-method> <!-- navigateToChargeOrderPage -->
        <test-method status="PASS" signature="testAddFullCorrectItem()[pri:0, instance:artifact.tests.ChargeOrderTest@64cbdef5]" name="testAddFullCorrectItem" duration-ms="623" started-at="2015-02-26T16:21:15Z" finished-at="2015-02-26T16:21:16Z">
          <reporter-output>
          </reporter-output>
        </test-method> <!-- testAddFullCorrectItem -->
        <test-method status="PASS" signature="navigateToChargeOrderPage()[pri:0, instance:artifact.tests.ChargeOrderTest@64cbdef5]" name="navigateToChargeOrderPage" is-config="true" duration-ms="147" started-at="2015-02-26T16:21:16Z" finished-at="2015-02-26T16:21:16Z">
          <reporter-output>
          </reporter-output>
        </test-method> <!-- navigateToChargeOrderPage -->
        <test-method status="PASS" signature="testClearCartWithFullItem()[pri:0, instance:artifact.tests.ChargeOrderTest@64cbdef5]" name="testClearCartWithFullItem" duration-ms="728" started-at="2015-02-26T16:21:16Z" finished-at="2015-02-26T16:21:17Z">
          <reporter-output>
          </reporter-output>
        </test-method> <!-- testClearCartWithFullItem -->
      </class> <!-- artifact.tests.ChargeOrderTest -->
    </test> <!-- Command line test -->
  </suite> <!-- Command line suite -->
</testng-results>
